<?xml version="1.0" encoding="utf-8"?><testsuites name="pytest tests"><testsuite name="pytest" errors="0" failures="0" skipped="0" tests="6" time="2.216" timestamp="2026-01-03T06:27:21.376522+00:00" hostname="agent-env-94fe5150-a392-47ad-ba3c-1e3a5cc898ca"><testcase classname="tests.test_job_card_new_fields.TestJobCardNewFields" name="test_create_service_with_new_fields" time="0.453" /><testcase classname="tests.test_job_card_new_fields.TestJobCardNewFields" name="test_create_service_with_null_new_fields" time="0.413" /><testcase classname="tests.test_job_card_new_fields.TestJobCardNewFields" name="test_get_services_includes_new_fields" time="0.619" /><testcase classname="tests.test_job_card_new_fields.TestJobCardNewFields" name="test_update_service_with_new_fields" time="0.452" /><testcase classname="tests.test_job_card_new_fields.TestHealthCheck" name="test_api_health" time="0.052" /><testcase classname="tests.test_job_card_new_fields.TestHealthCheck" name="test_api_ready" time="0.055" /></testsuite></testsuites>