<?xml version="1.0" encoding="utf-8"?><testsuites name="pytest tests"><testsuite name="pytest" errors="0" failures="0" skipped="0" tests="6" time="2.965" timestamp="2026-01-19T14:44:57.308156+00:00" hostname="agent-env-94fe5150-a392-47ad-ba3c-1e3a5cc898ca"><testcase classname="tests.test_edit_job_card_modal.TestEditJobCardModal" name="test_edit_vehicle_brand" time="0.614" /><testcase classname="tests.test_edit_job_card_modal.TestEditJobCardModal" name="test_edit_service_date" time="0.580" /><testcase classname="tests.test_edit_job_card_modal.TestEditJobCardModal" name="test_edit_multiple_fields" time="0.548" /><testcase classname="tests.test_edit_job_card_modal.TestEditJobCardModal" name="test_edit_vehicle_information_section" time="0.495" /><testcase classname="tests.test_edit_job_card_modal.TestEditJobCardModal" name="test_edit_service_details_section" time="0.497" /><testcase classname="tests.test_edit_job_card_modal.TestHealthCheck" name="test_api_health" time="0.053" /></testsuite></testsuites>