<?xml version="1.0" encoding="utf-8"?><testsuites name="pytest tests"><testsuite name="pytest" errors="0" failures="3" skipped="0" tests="11" time="3.260" timestamp="2026-01-03T08:33:44.412998+00:00" hostname="agent-env-94fe5150-a392-47ad-ba3c-1e3a5cc898ca"><testcase classname="tests.test_service_due_delete.TestServiceDueDelete" name="test_01_get_dismissed_service_due_empty_or_existing" time="0.390" /><testcase classname="tests.test_service_due_delete.TestServiceDueDelete" name="test_02_dismiss_single_service_due" time="0.359" /><testcase classname="tests.test_service_due_delete.TestServiceDueDelete" name="test_03_verify_dismissed_record_exists" time="0.356" /><testcase classname="tests.test_service_due_delete.TestServiceDueDelete" name="test_04_bulk_dismiss_service_due" time="0.348" /><testcase classname="tests.test_service_due_delete.TestServiceDueDelete" name="test_05_verify_bulk_dismissed_records" time="0.352" /><testcase classname="tests.test_service_due_delete.TestServiceDueDelete" name="test_06_restore_dismissed_record" time="0.410" /><testcase classname="tests.test_service_due_delete.TestServiceDueDelete" name="test_07_bulk_dismiss_empty_items" time="0.340" /><testcase classname="tests.test_service_due_delete.TestServiceDueDelete" name="test_08_restore_nonexistent_record" time="0.341" /><testcase classname="tests.test_service_due_delete.TestServiceDueEndpointsAuth" name="test_get_without_auth" time="0.054"><failure message="AssertionError: Should return 401 without auth, got 403&#10;assert 403 == 401&#10; +  where 403 = &lt;Response [403]&gt;.status_code">tests/test_service_due_delete.py:162: in test_get_without_auth
    assert response.status_code == 401, f"Should return 401 without auth, got {response.status_code}"
E   AssertionError: Should return 401 without auth, got 403
E   assert 403 == 401
E    +  where 403 = &lt;Response [403]&gt;.status_code</failure></testcase><testcase classname="tests.test_service_due_delete.TestServiceDueEndpointsAuth" name="test_post_without_auth" time="0.051"><failure message="AssertionError: Should return 401 without auth, got 403&#10;assert 403 == 401&#10; +  where 403 = &lt;Response [403]&gt;.status_code">tests/test_service_due_delete.py:171: in test_post_without_auth
    assert response.status_code == 401, f"Should return 401 without auth, got {response.status_code}"
E   AssertionError: Should return 401 without auth, got 403
E   assert 403 == 401
E    +  where 403 = &lt;Response [403]&gt;.status_code</failure></testcase><testcase classname="tests.test_service_due_delete.TestServiceDueEndpointsAuth" name="test_bulk_without_auth" time="0.053"><failure message="AssertionError: Should return 401 without auth, got 403&#10;assert 403 == 401&#10; +  where 403 = &lt;Response [403]&gt;.status_code">tests/test_service_due_delete.py:179: in test_bulk_without_auth
    assert response.status_code == 401, f"Should return 401 without auth, got {response.status_code}"
E   AssertionError: Should return 401 without auth, got 403
E   assert 403 == 401
E    +  where 403 = &lt;Response [403]&gt;.status_code</failure></testcase></testsuite></testsuites>