<?xml version="1.0" encoding="utf-8"?><testsuites name="pytest tests"><testsuite name="pytest" errors="0" failures="0" skipped="0" tests="12" time="5.443" timestamp="2026-01-21T04:34:12.457719+00:00" hostname="agent-env-94fe5150-a392-47ad-ba3c-1e3a5cc898ca"><testcase classname="tests.test_service_date_field.TestServiceDateField" name="test_create_job_card_with_service_date" time="0.554" /><testcase classname="tests.test_service_date_field.TestServiceDateField" name="test_create_job_card_with_today_date" time="0.456" /><testcase classname="tests.test_service_date_field.TestServiceDateField" name="test_edit_service_date" time="0.559" /><testcase classname="tests.test_service_date_field.TestServiceDateField" name="test_service_date_in_list_response" time="0.519" /><testcase classname="tests.test_service_date_field.TestServiceDateField" name="test_service_date_null_handling" time="0.450" /><testcase classname="tests.test_service_date_field.TestHealthCheck" name="test_api_health" time="0.047" /><testcase classname="tests.test_edit_job_card_modal.TestEditJobCardModal" name="test_edit_vehicle_brand" time="0.559" /><testcase classname="tests.test_edit_job_card_modal.TestEditJobCardModal" name="test_edit_service_date" time="0.557" /><testcase classname="tests.test_edit_job_card_modal.TestEditJobCardModal" name="test_edit_multiple_fields" time="0.564" /><testcase classname="tests.test_edit_job_card_modal.TestEditJobCardModal" name="test_edit_vehicle_information_section" time="0.495" /><testcase classname="tests.test_edit_job_card_modal.TestEditJobCardModal" name="test_edit_service_details_section" time="0.532" /><testcase classname="tests.test_edit_job_card_modal.TestHealthCheck" name="test_api_health" time="0.051" /></testsuite></testsuites>