<?xml version="1.0" encoding="utf-8"?><testsuites name="pytest tests"><testsuite name="pytest" errors="0" failures="0" skipped="0" tests="12" time="4.601" timestamp="2026-01-18T09:37:33.771264+00:00" hostname="agent-env-94fe5150-a392-47ad-ba3c-1e3a5cc898ca"><testcase classname="tests.test_service_due_base_date.TestServiceDueBaseDateAPI" name="test_get_base_date_overrides_empty_or_list" time="0.385" /><testcase classname="tests.test_service_due_base_date.TestServiceDueBaseDateAPI" name="test_create_base_date_override" time="0.355" /><testcase classname="tests.test_service_due_base_date.TestServiceDueBaseDateAPI" name="test_update_existing_base_date_override" time="0.437" /><testcase classname="tests.test_service_due_base_date.TestServiceDueBaseDateAPI" name="test_verify_override_persisted" time="0.371" /><testcase classname="tests.test_service_due_base_date.TestServiceDueBaseDateAPI" name="test_delete_base_date_override" time="0.364" /><testcase classname="tests.test_service_due_base_date.TestServiceDueBaseDateAPI" name="test_delete_nonexistent_override_returns_404" time="0.351" /><testcase classname="tests.test_service_due_base_date.TestServiceDueBaseDateAPI" name="test_create_without_required_fields_returns_400" time="0.405" /><testcase classname="tests.test_service_due_base_date.TestServiceDueBaseDateAPI" name="test_invalid_date_format_returns_400" time="0.352" /><testcase classname="tests.test_service_due_base_date.TestServiceDueBaseDateAPI" name="test_unauthorized_access_returns_401" time="0.376" /><testcase classname="tests.test_service_due_base_date.TestServiceDueBaseDateIntegration" name="test_services_endpoint_available" time="0.371" /><testcase classname="tests.test_service_due_base_date.TestServiceDueBaseDateIntegration" name="test_sales_endpoint_available" time="0.361" /><testcase classname="tests.test_service_due_base_date.TestServiceDueBaseDateIntegration" name="test_customers_endpoint_available" time="0.298" /></testsuite></testsuites>